*** Starting uWSGI 2.0.18 (64bit) on [Thu Jan 16 09:59:57 2020] ***
compiled with version: 7.4.0 on 05 November 2019 11:21:05
os: Linux-5.0.0-25-generic #26~18.04.1-Ubuntu SMP Thu Aug 1 13:51:02 UTC 2019
nodename: ch-virtual-machine
machine: x86_64
clock source: unix
pcre jit disabled
detected number of CPU cores: 4
current working directory: /home/ch/桌面/new/myppt
writing pidfile to uwsgi.pid
detected binary path: /home/ch/.virtualenvs/jpg/bin/uwsgi
chdir() to /home/ch/桌面/new/myppt
your processes number limit is 31616
your memory page size is 4096 bytes
 *** WARNING: you have enabled harakiri without post buffering. Slow upload could be rejected on post-unbuffered webservers *** 
detected max file descriptor number: 1048576
lock engine: pthread robust mutexes
thunder lock: disabled (you can enable it with --thunder-lock)
uwsgi socket 0 bound to TCP address 127.0.0.1:9876 fd 3
Python version: 3.6.8 (default, Oct  7 2019, 12:59:55)  [GCC 8.3.0]
Set PythonHome to /home/ch/.virtualenvs/jpg
Python main interpreter initialized at 0x5619023afc90
python threads support enabled
your server socket listen backlog is limited to 100 connections
your mercy for graceful operations on workers is 60 seconds
mapped 1031110 bytes (1006 KB) for 8 cores
*** Operational MODE: preforking+threaded ***
failed to open python file qmx/wsgi.py
unable to load app 0 (mountpoint='') (callable not found or import error)
*** no app loaded. going in full dynamic mode ***
*** uWSGI is running in multiple interpreter mode ***
spawned uWSGI master process (pid: 20535)
spawned uWSGI worker 1 (pid: 20536, cores: 2)
spawned uWSGI worker 2 (pid: 20537, cores: 2)
spawned uWSGI worker 3 (pid: 20538, cores: 2)
spawned uWSGI worker 4 (pid: 20539, cores: 2)
Python auto-reloader enabled
uwsgi_proto_uwsgi_parser(): Resource temporarily unavailable [proto/uwsgi.c line 40]
uwsgi_proto_uwsgi_parser(): Resource temporarily unavailable [proto/uwsgi.c line 40]
*** Starting uWSGI 2.0.18 (64bit) on [Thu Jan 16 10:04:46 2020] ***
compiled with version: 7.4.0 on 05 November 2019 11:21:05
os: Linux-5.0.0-25-generic #26~18.04.1-Ubuntu SMP Thu Aug 1 13:51:02 UTC 2019
nodename: ch-virtual-machine
machine: x86_64
clock source: unix
pcre jit disabled
detected number of CPU cores: 4
current working directory: /home/ch/桌面/new/myppt
writing pidfile to uwsgi.pid
detected binary path: /home/ch/.virtualenvs/jpg/bin/uwsgi
chdir() to /home/ch/桌面/new/myppt
your processes number limit is 31616
your memory page size is 4096 bytes
 *** WARNING: you have enabled harakiri without post buffering. Slow upload could be rejected on post-unbuffered webservers *** 
detected max file descriptor number: 1048576
lock engine: pthread robust mutexes
thunder lock: disabled (you can enable it with --thunder-lock)
uwsgi socket 0 bound to TCP address http://127.0.0.1:9876 fd 3
Python version: 3.6.8 (default, Oct  7 2019, 12:59:55)  [GCC 8.3.0]
Set PythonHome to /home/ch/.virtualenvs/jpg
Python main interpreter initialized at 0x5622dc757e80
python threads support enabled
your server socket listen backlog is limited to 100 connections
your mercy for graceful operations on workers is 60 seconds
mapped 1031110 bytes (1006 KB) for 8 cores
*** Operational MODE: preforking+threaded ***
failed to open python file qmx/wsgi.py
unable to load app 0 (mountpoint='') (callable not found or import error)
*** no app loaded. going in full dynamic mode ***
*** uWSGI is running in multiple interpreter mode ***
spawned uWSGI master process (pid: 20905)
spawned uWSGI worker 1 (pid: 20906, cores: 2)
spawned uWSGI worker 2 (pid: 20907, cores: 2)
spawned uWSGI worker 3 (pid: 20908, cores: 2)
spawned uWSGI worker 4 (pid: 20909, cores: 2)
Python auto-reloader enabled
uwsgi_proto_uwsgi_parser(): Resource temporarily unavailable [proto/uwsgi.c line 40]
uwsgi_proto_uwsgi_parser(): Resource temporarily unavailable [proto/uwsgi.c line 40]
uwsgi_proto_uwsgi_parser(): Resource temporarily unavailable [proto/uwsgi.c line 40]
Thu Jan 16 10:05:14 2020 - uWSGI worker 4 screams: UAAAAAAH my master disconnected: i will kill myself !!!
Thu Jan 16 10:05:14 2020 - uWSGI worker 2 screams: UAAAAAAH my master disconnected: i will kill myself !!!
Thu Jan 16 10:05:14 2020 - uWSGI worker 3 screams: UAAAAAAH my master disconnected: i will kill myself !!!
*** Starting uWSGI 2.0.18 (64bit) on [Thu Jan 16 10:07:03 2020] ***
compiled with version: 7.4.0 on 05 November 2019 11:21:05
os: Linux-5.0.0-25-generic #26~18.04.1-Ubuntu SMP Thu Aug 1 13:51:02 UTC 2019
nodename: ch-virtual-machine
machine: x86_64
clock source: unix
pcre jit disabled
detected number of CPU cores: 4
current working directory: /home/ch/桌面/new/myppt
writing pidfile to uwsgi.pid
detected binary path: /home/ch/.virtualenvs/jpg/bin/uwsgi
chdir() to /home/ch/桌面/new/myppt
your processes number limit is 31616
your memory page size is 4096 bytes
 *** WARNING: you have enabled harakiri without post buffering. Slow upload could be rejected on post-unbuffered webservers *** 
detected max file descriptor number: 1048576
lock engine: pthread robust mutexes
thunder lock: disabled (you can enable it with --thunder-lock)
uwsgi socket 0 bound to TCP address http://127.0.0.1:9876 fd 3
Python version: 3.6.8 (default, Oct  7 2019, 12:59:55)  [GCC 8.3.0]
Set PythonHome to /home/ch/.virtualenvs/jpg
Python main interpreter initialized at 0x55a4e944de80
python threads support enabled
your server socket listen backlog is limited to 100 connections
your mercy for graceful operations on workers is 60 seconds
mapped 1031110 bytes (1006 KB) for 8 cores
*** Operational MODE: preforking+threaded ***
failed to open python file qmx/wsgi.py
unable to load app 0 (mountpoint='') (callable not found or import error)
*** no app loaded. going in full dynamic mode ***
*** uWSGI is running in multiple interpreter mode ***
spawned uWSGI master process (pid: 21161)
spawned uWSGI worker 1 (pid: 21162, cores: 2)
spawned uWSGI worker 2 (pid: 21163, cores: 2)
spawned uWSGI worker 3 (pid: 21164, cores: 2)
spawned uWSGI worker 4 (pid: 21165, cores: 2)
Python auto-reloader enabled
*** Starting uWSGI 2.0.18 (64bit) on [Thu Jan 16 10:07:43 2020] ***
compiled with version: 7.4.0 on 05 November 2019 11:21:05
os: Linux-5.0.0-25-generic #26~18.04.1-Ubuntu SMP Thu Aug 1 13:51:02 UTC 2019
nodename: ch-virtual-machine
machine: x86_64
clock source: unix
pcre jit disabled
detected number of CPU cores: 4
current working directory: /home/ch/桌面/new/myppt
writing pidfile to uwsgi.pid
detected binary path: /home/ch/.virtualenvs/jpg/bin/uwsgi
chdir() to /home/ch/桌面/new/myppt
your processes number limit is 31616
your memory page size is 4096 bytes
 *** WARNING: you have enabled harakiri without post buffering. Slow upload could be rejected on post-unbuffered webservers *** 
detected max file descriptor number: 1048576
lock engine: pthread robust mutexes
thunder lock: disabled (you can enable it with --thunder-lock)
uwsgi socket 0 bound to TCP address 127.0.0.1:9876 fd 3
Python version: 3.6.8 (default, Oct  7 2019, 12:59:55)  [GCC 8.3.0]
Set PythonHome to /home/ch/.virtualenvs/jpg
Python main interpreter initialized at 0x55e63e3d6c90
python threads support enabled
your server socket listen backlog is limited to 100 connections
your mercy for graceful operations on workers is 60 seconds
mapped 1031110 bytes (1006 KB) for 8 cores
*** Operational MODE: preforking+threaded ***
failed to open python file qmx/wsgi.py
unable to load app 0 (mountpoint='') (callable not found or import error)
*** no app loaded. going in full dynamic mode ***
*** uWSGI is running in multiple interpreter mode ***
spawned uWSGI master process (pid: 21260)
spawned uWSGI worker 1 (pid: 21261, cores: 2)
spawned uWSGI worker 2 (pid: 21262, cores: 2)
spawned uWSGI worker 3 (pid: 21263, cores: 2)
spawned uWSGI worker 4 (pid: 21264, cores: 2)
Python auto-reloader enabled
Thu Jan 16 10:09:24 2020 - uWSGI worker 4 screams: UAAAAAAH my master disconnected: i will kill myself !!!
*** Starting uWSGI 2.0.18 (64bit) on [Thu Jan 16 10:09:25 2020] ***
compiled with version: 7.4.0 on 05 November 2019 11:21:05
os: Linux-5.0.0-25-generic #26~18.04.1-Ubuntu SMP Thu Aug 1 13:51:02 UTC 2019
nodename: ch-virtual-machine
machine: x86_64
clock source: unix
pcre jit disabled
detected number of CPU cores: 4
current working directory: /home/ch/桌面/new/myppt
writing pidfile to uwsgi.pid
detected binary path: /home/ch/.virtualenvs/jpg/bin/uwsgi
chdir() to /home/ch/桌面/new/myppt
your processes number limit is 31616
your memory page size is 4096 bytes
 *** WARNING: you have enabled harakiri without post buffering. Slow upload could be rejected on post-unbuffered webservers *** 
detected max file descriptor number: 1048576
lock engine: pthread robust mutexes
thunder lock: disabled (you can enable it with --thunder-lock)
uWSGI http bound on 127.0.0.1:9876 fd 4
uwsgi socket 0 bound to TCP address 127.0.0.1:46021 (port auto-assigned) fd 3
Python version: 3.6.8 (default, Oct  7 2019, 12:59:55)  [GCC 8.3.0]
Set PythonHome to /home/ch/.virtualenvs/jpg
Python main interpreter initialized at 0x55f17a178d70
python threads support enabled
your server socket listen backlog is limited to 100 connections
your mercy for graceful operations on workers is 60 seconds
mapped 1031110 bytes (1006 KB) for 8 cores
*** Operational MODE: preforking+threaded ***
failed to open python file qmx/wsgi.py
unable to load app 0 (mountpoint='') (callable not found or import error)
*** no app loaded. going in full dynamic mode ***
*** uWSGI is running in multiple interpreter mode ***
spawned uWSGI master process (pid: 21357)
spawned uWSGI worker 1 (pid: 21358, cores: 2)
spawned uWSGI worker 2 (pid: 21359, cores: 2)
spawned uWSGI worker 3 (pid: 21360, cores: 2)
spawned uWSGI worker 4 (pid: 21361, cores: 2)
spawned uWSGI http 1 (pid: 21362)
Python auto-reloader enabled
--- no python application found, check your startup logs for errors ---
[pid: 21361|app: -1|req: -1/1] 127.0.0.1 () {46 vars in 880 bytes} [Thu Jan 16 10:09:28 2020] GET /demo/ => generated 21 bytes in 0 msecs (HTTP/1.1 500) 2 headers in 83 bytes (0 switches on core 0)
--- no python application found, check your startup logs for errors ---
[pid: 21360|app: -1|req: -1/2] 127.0.0.1 () {46 vars in 880 bytes} [Thu Jan 16 10:09:29 2020] GET /demo/ => generated 21 bytes in 0 msecs (HTTP/1.1 500) 2 headers in 83 bytes (0 switches on core 0)
--- no python application found, check your startup logs for errors ---
[pid: 21360|app: -1|req: -1/3] 127.0.0.1 () {46 vars in 880 bytes} [Thu Jan 16 10:09:29 2020] GET /demo/ => generated 21 bytes in 0 msecs (HTTP/1.1 500) 2 headers in 83 bytes (0 switches on core 1)
*** Starting uWSGI 2.0.18 (64bit) on [Thu Jan 16 10:09:38 2020] ***
compiled with version: 7.4.0 on 05 November 2019 11:21:05
os: Linux-5.0.0-25-generic #26~18.04.1-Ubuntu SMP Thu Aug 1 13:51:02 UTC 2019
nodename: ch-virtual-machine
machine: x86_64
clock source: unix
pcre jit disabled
detected number of CPU cores: 4
current working directory: /home/ch/桌面/new/myppt
writing pidfile to uwsgi.pid
detected binary path: /home/ch/.virtualenvs/jpg/bin/uwsgi
chdir() to /home/ch/桌面/new/myppt
your processes number limit is 31616
your memory page size is 4096 bytes
 *** WARNING: you have enabled harakiri without post buffering. Slow upload could be rejected on post-unbuffered webservers *** 
detected max file descriptor number: 1048576
lock engine: pthread robust mutexes
thunder lock: disabled (you can enable it with --thunder-lock)
uWSGI http bound on http://127.0.0.1:9876 fd 4
uwsgi socket 0 bound to TCP address 127.0.0.1:36487 (port auto-assigned) fd 3
Python version: 3.6.8 (default, Oct  7 2019, 12:59:55)  [GCC 8.3.0]
Set PythonHome to /home/ch/.virtualenvs/jpg
Python main interpreter initialized at 0x558f1f707f70
python threads support enabled
your server socket listen backlog is limited to 100 connections
your mercy for graceful operations on workers is 60 seconds
mapped 1031110 bytes (1006 KB) for 8 cores
*** Operational MODE: preforking+threaded ***
failed to open python file qmx/wsgi.py
unable to load app 0 (mountpoint='') (callable not found or import error)
*** no app loaded. going in full dynamic mode ***
*** uWSGI is running in multiple interpreter mode ***
spawned uWSGI master process (pid: 21436)
spawned uWSGI worker 1 (pid: 21437, cores: 2)
spawned uWSGI worker 2 (pid: 21438, cores: 2)
spawned uWSGI worker 3 (pid: 21439, cores: 2)
spawned uWSGI worker 4 (pid: 21440, cores: 2)
spawned uWSGI http 1 (pid: 21441)
Python auto-reloader enabled
*** Starting uWSGI 2.0.18 (64bit) on [Thu Jan 16 10:12:11 2020] ***
compiled with version: 7.4.0 on 05 November 2019 11:21:05
os: Linux-5.0.0-25-generic #26~18.04.1-Ubuntu SMP Thu Aug 1 13:51:02 UTC 2019
nodename: ch-virtual-machine
machine: x86_64
clock source: unix
pcre jit disabled
detected number of CPU cores: 4
current working directory: /home/ch/桌面/new/myppt
writing pidfile to uwsgi.pid
detected binary path: /home/ch/.virtualenvs/jpg/bin/uwsgi
chdir() to /home/ch/桌面/new/myppt
your processes number limit is 31616
your memory page size is 4096 bytes
 *** WARNING: you have enabled harakiri without post buffering. Slow upload could be rejected on post-unbuffered webservers *** 
detected max file descriptor number: 1048576
lock engine: pthread robust mutexes
thunder lock: disabled (you can enable it with --thunder-lock)
uWSGI http bound on :9876 fd 4
uwsgi socket 0 bound to TCP address 127.0.0.1:45019 (port auto-assigned) fd 3
Python version: 3.6.8 (default, Oct  7 2019, 12:59:55)  [GCC 8.3.0]
Set PythonHome to /home/ch/.virtualenvs/jpg
Python main interpreter initialized at 0x558e67c6bd70
python threads support enabled
your server socket listen backlog is limited to 100 connections
your mercy for graceful operations on workers is 60 seconds
mapped 1031110 bytes (1006 KB) for 8 cores
*** Operational MODE: preforking+threaded ***
failed to open python file qmx/wsgi.py
unable to load app 0 (mountpoint='') (callable not found or import error)
*** no app loaded. going in full dynamic mode ***
*** uWSGI is running in multiple interpreter mode ***
spawned uWSGI master process (pid: 21573)
spawned uWSGI worker 1 (pid: 21574, cores: 2)
spawned uWSGI worker 2 (pid: 21575, cores: 2)
spawned uWSGI worker 3 (pid: 21576, cores: 2)
spawned uWSGI worker 4 (pid: 21577, cores: 2)
spawned uWSGI http 1 (pid: 21578)
Python auto-reloader enabled
--- no python application found, check your startup logs for errors ---
[pid: 21576|app: -1|req: -1/1] 127.0.0.1 () {46 vars in 880 bytes} [Thu Jan 16 10:12:13 2020] GET /demo/ => generated 21 bytes in 0 msecs (HTTP/1.1 500) 2 headers in 83 bytes (0 switches on core 0)
--- no python application found, check your startup logs for errors ---
[pid: 21576|app: -1|req: -1/2] 127.0.0.1 () {46 vars in 880 bytes} [Thu Jan 16 10:12:14 2020] GET /demo/ => generated 21 bytes in 0 msecs (HTTP/1.1 500) 2 headers in 83 bytes (0 switches on core 0)
*** Starting uWSGI 2.0.18 (64bit) on [Thu Jan 16 10:13:53 2020] ***
compiled with version: 7.4.0 on 05 November 2019 11:21:05
os: Linux-5.0.0-25-generic #26~18.04.1-Ubuntu SMP Thu Aug 1 13:51:02 UTC 2019
nodename: ch-virtual-machine
machine: x86_64
clock source: unix
pcre jit disabled
detected number of CPU cores: 4
current working directory: /home/ch/桌面/new/myppt
writing pidfile to uwsgi.pid
detected binary path: /home/ch/.virtualenvs/jpg/bin/uwsgi
chdir() to /home/ch/桌面/new/myppt
your processes number limit is 31616
your memory page size is 4096 bytes
 *** WARNING: you have enabled harakiri without post buffering. Slow upload could be rejected on post-unbuffered webservers *** 
detected max file descriptor number: 1048576
lock engine: pthread robust mutexes
thunder lock: disabled (you can enable it with --thunder-lock)
uwsgi socket 0 bound to TCP address 127.0.0.1:9876 fd 3
Python version: 3.6.8 (default, Oct  7 2019, 12:59:55)  [GCC 8.3.0]
Set PythonHome to /home/ch/.virtualenvs/jpg
Python main interpreter initialized at 0x55c90ee08cb0
python threads support enabled
your server socket listen backlog is limited to 100 connections
your mercy for graceful operations on workers is 60 seconds
mapped 1031110 bytes (1006 KB) for 8 cores
*** Operational MODE: preforking+threaded ***
WSGI app 0 (mountpoint='') ready in 0 seconds on interpreter 0x55c90ee08cb0 pid: 21715 (default app)
*** uWSGI is running in multiple interpreter mode ***
spawned uWSGI master process (pid: 21715)
spawned uWSGI worker 1 (pid: 21717, cores: 2)
spawned uWSGI worker 2 (pid: 21719, cores: 2)
spawned uWSGI worker 3 (pid: 21722, cores: 2)
Python auto-reloader enabled
spawned uWSGI worker 4 (pid: 21724, cores: 2)
*** Starting uWSGI 2.0.18 (64bit) on [Thu Jan 16 10:14:05 2020] ***
compiled with version: 7.4.0 on 05 November 2019 11:21:05
os: Linux-5.0.0-25-generic #26~18.04.1-Ubuntu SMP Thu Aug 1 13:51:02 UTC 2019
nodename: ch-virtual-machine
machine: x86_64
clock source: unix
pcre jit disabled
detected number of CPU cores: 4
current working directory: /home/ch/桌面/new/myppt
writing pidfile to uwsgi.pid
detected binary path: /home/ch/.virtualenvs/jpg/bin/uwsgi
chdir() to /home/ch/桌面/new/myppt
your processes number limit is 31616
your memory page size is 4096 bytes
 *** WARNING: you have enabled harakiri without post buffering. Slow upload could be rejected on post-unbuffered webservers *** 
detected max file descriptor number: 1048576
lock engine: pthread robust mutexes
thunder lock: disabled (you can enable it with --thunder-lock)
uWSGI http bound on 127.0.0.1:9876 fd 4
uwsgi socket 0 bound to TCP address 127.0.0.1:45753 (port auto-assigned) fd 3
Python version: 3.6.8 (default, Oct  7 2019, 12:59:55)  [GCC 8.3.0]
Set PythonHome to /home/ch/.virtualenvs/jpg
Python main interpreter initialized at 0x55b6d27e6d70
python threads support enabled
your server socket listen backlog is limited to 100 connections
your mercy for graceful operations on workers is 60 seconds
mapped 1031110 bytes (1006 KB) for 8 cores
*** Operational MODE: preforking+threaded ***
WSGI app 0 (mountpoint='') ready in 0 seconds on interpreter 0x55b6d27e6d70 pid: 21803 (default app)
*** uWSGI is running in multiple interpreter mode ***
spawned uWSGI master process (pid: 21803)
spawned uWSGI worker 1 (pid: 21805, cores: 2)
spawned uWSGI worker 2 (pid: 21807, cores: 2)
Python auto-reloader enabled
spawned uWSGI worker 3 (pid: 21809, cores: 2)
spawned uWSGI worker 4 (pid: 21812, cores: 2)
spawned uWSGI http 1 (pid: 21815)
[pid: 21812|app: 0|req: 1/1] 127.0.0.1 () {46 vars in 880 bytes} [Thu Jan 16 10:14:07 2020] GET /demo/ => generated 5128 bytes in 547 msecs (HTTP/1.1 200) 5 headers in 159 bytes (1 switches on core 0)
[pid: 21812|app: 0|req: 2/2] 127.0.0.1 () {46 vars in 880 bytes} [Thu Jan 16 10:14:09 2020] GET /demo/ => generated 5128 bytes in 13 msecs (HTTP/1.1 200) 5 headers in 159 bytes (1 switches on core 1)
[pid: 21807|app: 0|req: 1/3] 127.0.0.1 () {46 vars in 880 bytes} [Thu Jan 16 10:14:11 2020] GET /demo/ => generated 5128 bytes in 493 msecs (HTTP/1.1 200) 5 headers in 159 bytes (1 switches on core 0)
[pid: 21807|app: 0|req: 2/4] 127.0.0.1 () {44 vars in 854 bytes} [Thu Jan 16 10:14:25 2020] GET /index/?id=1 => generated 11360 bytes in 42 msecs (HTTP/1.1 200) 5 headers in 166 bytes (1 switches on core 1)
